ERROR - 2021-10-29 16:47:34 --> Error connecting to the database: Access denied for user '****'@'localhost' (using password: YES)
CRITICAL - 2021-10-29 16:47:34 --> Unable to connect to the database.
Main connection [MySQLi]: Access denied for user '****'@'localhost' (using password: YES)
#0 /Applications/MAMP/htdocs/codeigniter-send-file/system/Database/BaseConnection.php(570): CodeIgniter\Database\BaseConnection->initialize()
#1 /Applications/MAMP/htdocs/codeigniter-send-file/system/Database/BaseBuilder.php(1733): CodeIgniter\Database\BaseConnection->query('INSERT INTO `us...', Array, false)
#2 /Applications/MAMP/htdocs/codeigniter-send-file/app/Controllers/FileUpload.php(39): CodeIgniter\Database\BaseBuilder->insert(Array)
#3 /Applications/MAMP/htdocs/codeigniter-send-file/system/CodeIgniter.php(802): App\Controllers\FileUpload->upload()
#4 /Applications/MAMP/htdocs/codeigniter-send-file/system/CodeIgniter.php(399): CodeIgniter\CodeIgniter->runController(Object(App\Controllers\FileUpload))
#5 /Applications/MAMP/htdocs/codeigniter-send-file/system/CodeIgniter.php(317): CodeIgniter\CodeIgniter->handleRequest(NULL, Object(Config\Cache), false)
#6 /Applications/MAMP/htdocs/codeigniter-send-file/public/index.php(37): CodeIgniter\CodeIgniter->run()
#7 {main}
ERROR - 2021-10-29 16:57:44 --> Error connecting to the database: Access denied for user '****'@'localhost' (using password: YES)
CRITICAL - 2021-10-29 16:57:44 --> Unable to connect to the database.
Main connection [MySQLi]: Access denied for user '****'@'localhost' (using password: YES)
#0 /Applications/MAMP/htdocs/codeigniter-send-file/system/Database/BaseConnection.php(570): CodeIgniter\Database\BaseConnection->initialize()
#1 /Applications/MAMP/htdocs/codeigniter-send-file/system/Database/BaseBuilder.php(1733): CodeIgniter\Database\BaseConnection->query('INSERT INTO `us...', Array, false)
#2 /Applications/MAMP/htdocs/codeigniter-send-file/app/Controllers/FileUpload.php(37): CodeIgniter\Database\BaseBuilder->insert(Array)
#3 /Applications/MAMP/htdocs/codeigniter-send-file/system/CodeIgniter.php(802): App\Controllers\FileUpload->upload()
#4 /Applications/MAMP/htdocs/codeigniter-send-file/system/CodeIgniter.php(399): CodeIgniter\CodeIgniter->runController(Object(App\Controllers\FileUpload))
#5 /Applications/MAMP/htdocs/codeigniter-send-file/system/CodeIgniter.php(317): CodeIgniter\CodeIgniter->handleRequest(NULL, Object(Config\Cache), false)
#6 /Applications/MAMP/htdocs/codeigniter-send-file/public/index.php(37): CodeIgniter\CodeIgniter->run()
#7 {main}
ERROR - 2021-10-29 16:59:53 --> Error connecting to the database: Access denied for user '****'@'localhost' (using password: YES)
CRITICAL - 2021-10-29 16:59:53 --> Unable to connect to the database.
Main connection [MySQLi]: Access denied for user '****'@'localhost' (using password: YES)
#0 /Applications/MAMP/htdocs/codeigniter-send-file/system/Database/BaseConnection.php(570): CodeIgniter\Database\BaseConnection->initialize()
#1 /Applications/MAMP/htdocs/codeigniter-send-file/system/Database/BaseBuilder.php(1733): CodeIgniter\Database\BaseConnection->query('INSERT INTO `fi...', Array, false)
#2 /Applications/MAMP/htdocs/codeigniter-send-file/app/Controllers/FileUpload.php(37): CodeIgniter\Database\BaseBuilder->insert(Array)
#3 /Applications/MAMP/htdocs/codeigniter-send-file/system/CodeIgniter.php(802): App\Controllers\FileUpload->upload()
#4 /Applications/MAMP/htdocs/codeigniter-send-file/system/CodeIgniter.php(399): CodeIgniter\CodeIgniter->runController(Object(App\Controllers\FileUpload))
#5 /Applications/MAMP/htdocs/codeigniter-send-file/system/CodeIgniter.php(317): CodeIgniter\CodeIgniter->handleRequest(NULL, Object(Config\Cache), false)
#6 /Applications/MAMP/htdocs/codeigniter-send-file/public/index.php(37): CodeIgniter\CodeIgniter->run()
#7 {main}
CRITICAL - 2021-10-29 17:18:54 --> Call to undefined method App\Controllers\FileUpload::respond()
#0 /Applications/MAMP/htdocs/codeigniter-send-file/system/CodeIgniter.php(802): App\Controllers\FileUpload->upload()
#1 /Applications/MAMP/htdocs/codeigniter-send-file/system/CodeIgniter.php(399): CodeIgniter\CodeIgniter->runController(Object(App\Controllers\FileUpload))
#2 /Applications/MAMP/htdocs/codeigniter-send-file/system/CodeIgniter.php(317): CodeIgniter\CodeIgniter->handleRequest(NULL, Object(Config\Cache), false)
#3 /Applications/MAMP/htdocs/codeigniter-send-file/public/index.php(37): CodeIgniter\CodeIgniter->run()
#4 {main}
CRITICAL - 2021-10-29 17:18:55 --> Call to undefined method App\Controllers\FileUpload::respond()
#0 /Applications/MAMP/htdocs/codeigniter-send-file/system/CodeIgniter.php(802): App\Controllers\FileUpload->upload()
#1 /Applications/MAMP/htdocs/codeigniter-send-file/system/CodeIgniter.php(399): CodeIgniter\CodeIgniter->runController(Object(App\Controllers\FileUpload))
#2 /Applications/MAMP/htdocs/codeigniter-send-file/system/CodeIgniter.php(317): CodeIgniter\CodeIgniter->handleRequest(NULL, Object(Config\Cache), false)
#3 /Applications/MAMP/htdocs/codeigniter-send-file/public/index.php(37): CodeIgniter\CodeIgniter->run()
#4 {main}
CRITICAL - 2021-10-29 17:19:56 --> Call to undefined method App\Controllers\FileUpload::setResponseFormat()
#0 /Applications/MAMP/htdocs/codeigniter-send-file/system/CodeIgniter.php(802): App\Controllers\FileUpload->upload()
#1 /Applications/MAMP/htdocs/codeigniter-send-file/system/CodeIgniter.php(399): CodeIgniter\CodeIgniter->runController(Object(App\Controllers\FileUpload))
#2 /Applications/MAMP/htdocs/codeigniter-send-file/system/CodeIgniter.php(317): CodeIgniter\CodeIgniter->handleRequest(NULL, Object(Config\Cache), false)
#3 /Applications/MAMP/htdocs/codeigniter-send-file/public/index.php(37): CodeIgniter\CodeIgniter->run()
#4 {main}
CRITICAL - 2021-10-29 17:19:57 --> Call to undefined method App\Controllers\FileUpload::setResponseFormat()
#0 /Applications/MAMP/htdocs/codeigniter-send-file/system/CodeIgniter.php(802): App\Controllers\FileUpload->upload()
#1 /Applications/MAMP/htdocs/codeigniter-send-file/system/CodeIgniter.php(399): CodeIgniter\CodeIgniter->runController(Object(App\Controllers\FileUpload))
#2 /Applications/MAMP/htdocs/codeigniter-send-file/system/CodeIgniter.php(317): CodeIgniter\CodeIgniter->handleRequest(NULL, Object(Config\Cache), false)
#3 /Applications/MAMP/htdocs/codeigniter-send-file/public/index.php(37): CodeIgniter\CodeIgniter->run()
#4 {main}
CRITICAL - 2021-10-29 17:20:32 --> Call to undefined method App\Controllers\FileUpload::setResponseFormat()
#0 /Applications/MAMP/htdocs/codeigniter-send-file/system/CodeIgniter.php(802): App\Controllers\FileUpload->upload()
#1 /Applications/MAMP/htdocs/codeigniter-send-file/system/CodeIgniter.php(399): CodeIgniter\CodeIgniter->runController(Object(App\Controllers\FileUpload))
#2 /Applications/MAMP/htdocs/codeigniter-send-file/system/CodeIgniter.php(317): CodeIgniter\CodeIgniter->handleRequest(NULL, Object(Config\Cache), false)
#3 /Applications/MAMP/htdocs/codeigniter-send-file/public/index.php(37): CodeIgniter\CodeIgniter->run()
#4 {main}
CRITICAL - 2021-10-29 17:20:49 --> Call to undefined method App\Controllers\FileUpload::setResponseFormat()
#0 /Applications/MAMP/htdocs/codeigniter-send-file/system/CodeIgniter.php(802): App\Controllers\FileUpload->upload()
#1 /Applications/MAMP/htdocs/codeigniter-send-file/system/CodeIgniter.php(399): CodeIgniter\CodeIgniter->runController(Object(App\Controllers\FileUpload))
#2 /Applications/MAMP/htdocs/codeigniter-send-file/system/CodeIgniter.php(317): CodeIgniter\CodeIgniter->handleRequest(NULL, Object(Config\Cache), false)
#3 /Applications/MAMP/htdocs/codeigniter-send-file/public/index.php(37): CodeIgniter\CodeIgniter->run()
#4 {main}
